2023-06-03 13:31:46.869  INFO 16800 --- [restartedMain] i.g.e.mscartoes.MscartoesApplication     : Starting MscartoesApplication using Java 20.0.1 on DESKTOP-9R5EKI9 with PID 16800 (C:\Users\Eric Nunes\workspace\microservicos\mscartoes\mscartoes\target\classes started by EricNunes in C:\Users\Eric Nunes\workspace\microservicos\mscartoes\mscartoes)
2023-06-03 13:31:46.872  INFO 16800 --- [restartedMain] i.g.e.mscartoes.MscartoesApplication     : The following 1 profile is active: "local"
2023-06-03 13:31:46.914  INFO 16800 --- [restartedMain] .e.DevToolsPropertyDefaultsPostProcessor : Devtools property defaults active! Set 'spring.devtools.add-properties' to 'false' to disable
2023-06-03 13:31:46.915  INFO 16800 --- [restartedMain] .e.DevToolsPropertyDefaultsPostProcessor : For additional web related logging consider setting the 'logging.level.web' property to 'DEBUG'
2023-06-03 13:31:47.818  INFO 16800 --- [restartedMain] .s.d.r.c.RepositoryConfigurationDelegate : Bootstrapping Spring Data JPA repositories in DEFAULT mode.
2023-06-03 13:31:47.951  INFO 16800 --- [restartedMain] .s.d.r.c.RepositoryConfigurationDelegate : Finished Spring Data repository scanning in 126 ms. Found 2 JPA repository interfaces.
2023-06-03 13:31:48.143  INFO 16800 --- [restartedMain] o.s.cloud.context.scope.GenericScope     : BeanFactory id=925e83d1-77d8-3e5b-a0c5-6d503e780145
2023-06-03 13:31:48.643  INFO 16800 --- [restartedMain] o.s.b.w.embedded.tomcat.TomcatWebServer  : Tomcat initialized with port(s): 0 (http)
2023-06-03 13:31:48.652  INFO 16800 --- [restartedMain] o.apache.catalina.core.StandardService   : Starting service [Tomcat]
2023-06-03 13:31:48.652  INFO 16800 --- [restartedMain] org.apache.catalina.core.StandardEngine  : Starting Servlet engine: [Apache Tomcat/9.0.60]
2023-06-03 13:31:48.746  INFO 16800 --- [restartedMain] o.a.c.c.C.[Tomcat].[localhost].[/]       : Initializing Spring embedded WebApplicationContext
2023-06-03 13:31:48.746  INFO 16800 --- [restartedMain] w.s.c.ServletWebServerApplicationContext : Root WebApplicationContext: initialization completed in 1831 ms
2023-06-03 13:31:48.846  INFO 16800 --- [restartedMain] com.zaxxer.hikari.HikariDataSource       : HikariPool-1 - Starting...
2023-06-03 13:31:48.992  INFO 16800 --- [restartedMain] com.zaxxer.hikari.HikariDataSource       : HikariPool-1 - Start completed.
2023-06-03 13:31:49.000  INFO 16800 --- [restartedMain] o.s.b.a.h2.H2ConsoleAutoConfiguration    : H2 console available at '/h2-console'. Database available at 'jdbc:h2:mem:e38ee8eb-face-4e75-927f-8055f8d4c19d'
2023-06-03 13:31:49.151  INFO 16800 --- [restartedMain] o.hibernate.jpa.internal.util.LogHelper  : HHH000204: Processing PersistenceUnitInfo [name: default]
2023-06-03 13:31:49.197  INFO 16800 --- [restartedMain] org.hibernate.Version                    : HHH000412: Hibernate ORM core version 5.6.7.Final
2023-06-03 13:31:49.339  INFO 16800 --- [restartedMain] o.hibernate.annotations.common.Version   : HCANN000001: Hibernate Commons Annotations {5.1.2.Final}
2023-06-03 13:31:49.444  INFO 16800 --- [restartedMain] org.hibernate.dialect.Dialect            : HHH000400: Using dialect: org.hibernate.dialect.H2Dialect
2023-06-03 13:31:49.904  INFO 16800 --- [restartedMain] o.h.e.t.j.p.i.JtaPlatformInitiator       : HHH000490: Using JtaPlatform implementation: [org.hibernate.engine.transaction.jta.platform.internal.NoJtaPlatform]
2023-06-03 13:31:49.910  INFO 16800 --- [restartedMain] j.LocalContainerEntityManagerFactoryBean : Initialized JPA EntityManagerFactory for persistence unit 'default'
2023-06-03 13:31:50.286  WARN 16800 --- [restartedMain] JpaBaseConfiguration$JpaWebConfiguration : spring.jpa.open-in-view is enabled by default. Therefore, database queries may be performed during view rendering. Explicitly configure spring.jpa.open-in-view to disable this warning
2023-06-03 13:31:51.061  INFO 16800 --- [restartedMain] o.s.b.d.a.OptionalLiveReloadServer       : LiveReload server is running on port 35729
2023-06-03 13:31:51.124  INFO 16800 --- [restartedMain] DiscoveryClientOptionalArgsConfiguration : Eureka HTTP Client uses RestTemplate.
2023-06-03 13:31:51.177  WARN 16800 --- [restartedMain] iguration$LoadBalancerCaffeineWarnLogger : Spring Cloud LoadBalancer is currently working with the default cache. While this cache implementation is useful for development and tests, it's recommended to use Caffeine cache in production.You can switch to using Caffeine cache, by adding it and org.springframework.cache.caffeine.CaffeineCacheManager to the classpath.
2023-06-03 13:31:51.182  INFO 16800 --- [restartedMain] o.s.b.a.e.web.EndpointLinksResolver      : Exposing 17 endpoint(s) beneath base path '/actuator'
2023-06-03 13:31:51.288  INFO 16800 --- [restartedMain] o.s.b.w.embedded.tomcat.TomcatWebServer  : Tomcat started on port(s): 64278 (http) with context path ''
2023-06-03 13:31:51.289  INFO 16800 --- [restartedMain] .s.c.n.e.s.EurekaAutoServiceRegistration : Updating port to 64278
2023-06-03 13:31:51.293  INFO 16800 --- [restartedMain] o.s.c.n.eureka.InstanceInfoFactory       : Setting initial instance status as: STARTING
2023-06-03 13:31:51.321  INFO 16800 --- [restartedMain] com.netflix.discovery.DiscoveryClient    : Initializing Eureka in region us-east-1
2023-06-03 13:31:51.325  INFO 16800 --- [restartedMain] c.n.d.s.r.aws.ConfigClusterResolver      : Resolving eureka endpoints via configuration
2023-06-03 13:31:51.342  INFO 16800 --- [restartedMain] com.netflix.discovery.DiscoveryClient    : Disable delta property : false
2023-06-03 13:31:51.342  INFO 16800 --- [restartedMain] com.netflix.discovery.DiscoveryClient    : Single vip registry refresh property : null
2023-06-03 13:31:51.343  INFO 16800 --- [restartedMain] com.netflix.discovery.DiscoveryClient    : Force full registry fetch : false
2023-06-03 13:31:51.343  INFO 16800 --- [restartedMain] com.netflix.discovery.DiscoveryClient    : Application is null : false
2023-06-03 13:31:51.343  INFO 16800 --- [restartedMain] com.netflix.discovery.DiscoveryClient    : Registered Applications size is zero : true
2023-06-03 13:31:51.343  INFO 16800 --- [restartedMain] com.netflix.discovery.DiscoveryClient    : Application version is -1: true
2023-06-03 13:31:51.343  INFO 16800 --- [restartedMain] com.netflix.discovery.DiscoveryClient    : Getting all instance registry info from the eureka server
2023-06-03 13:31:51.623  INFO 16800 --- [restartedMain] com.netflix.discovery.DiscoveryClient    : The response status is 200
2023-06-03 13:31:51.624  INFO 16800 --- [restartedMain] com.netflix.discovery.DiscoveryClient    : Starting heartbeat executor: renew interval is: 30
2023-06-03 13:31:51.626  INFO 16800 --- [restartedMain] c.n.discovery.InstanceInfoReplicator     : InstanceInfoReplicator onDemand update allowed rate per min is 4
2023-06-03 13:31:51.629  INFO 16800 --- [restartedMain] com.netflix.discovery.DiscoveryClient    : Discovery Client initialized at timestamp 1685809911629 with initial instances count: 0
2023-06-03 13:31:51.631  INFO 16800 --- [restartedMain] o.s.c.n.e.s.EurekaServiceRegistry        : Registering application MSCARTOES with eureka with status UP
2023-06-03 13:31:51.632  INFO 16800 --- [restartedMain] com.netflix.discovery.DiscoveryClient    : Saw local status change event StatusChangeEvent [timestamp=1685809911631, current=UP, previous=STARTING]
2023-06-03 13:31:51.632  INFO 16800 --- [DiscoveryClient-InstanceInfoReplicator-0] com.netflix.discovery.DiscoveryClient    : DiscoveryClient_MSCARTOES/mscartoes:81d382a62469bbf9740e7b9e493352e4: registering service...
2023-06-03 13:31:51.686  INFO 16800 --- [restartedMain] o.s.a.r.c.CachingConnectionFactory       : Attempting to connect to: [localhost:5672]
2023-06-03 13:31:51.730  INFO 16800 --- [restartedMain] o.s.a.r.c.CachingConnectionFactory       : Created new connection: rabbitConnectionFactory#721f0dde:0/SimpleConnection@729ce1ac [delegate=amqp://guest@127.0.0.1:5672/, localPort= 64281]
2023-06-03 13:31:51.773  INFO 16800 --- [DiscoveryClient-InstanceInfoReplicator-0] com.netflix.discovery.DiscoveryClient    : DiscoveryClient_MSCARTOES/mscartoes:81d382a62469bbf9740e7b9e493352e4 - registration status: 204
2023-06-03 13:31:51.787  INFO 16800 --- [restartedMain] i.g.e.mscartoes.MscartoesApplication     : Started MscartoesApplication in 5.35 seconds (JVM running for 6.039)
2023-06-03 13:31:51.930  INFO 16800 --- [RMI TCP Connection(4)-192.168.56.1] o.a.c.c.C.[Tomcat].[localhost].[/]       : Initializing Spring DispatcherServlet 'dispatcherServlet'
2023-06-03 13:31:51.931  INFO 16800 --- [RMI TCP Connection(4)-192.168.56.1] o.s.web.servlet.DispatcherServlet        : Initializing Servlet 'dispatcherServlet'
2023-06-03 13:31:51.932  INFO 16800 --- [RMI TCP Connection(4)-192.168.56.1] o.s.web.servlet.DispatcherServlet        : Completed initialization in 1 ms
2023-06-03 13:32:21.627  INFO 16800 --- [DiscoveryClient-CacheRefreshExecutor-0] com.netflix.discovery.DiscoveryClient    : Disable delta property : false
2023-06-03 13:32:21.627  INFO 16800 --- [DiscoveryClient-CacheRefreshExecutor-0] com.netflix.discovery.DiscoveryClient    : Single vip registry refresh property : null
2023-06-03 13:32:21.627  INFO 16800 --- [DiscoveryClient-CacheRefreshExecutor-0] com.netflix.discovery.DiscoveryClient    : Force full registry fetch : false
2023-06-03 13:32:21.628  INFO 16800 --- [DiscoveryClient-CacheRefreshExecutor-0] com.netflix.discovery.DiscoveryClient    : Application is null : false
2023-06-03 13:32:21.628  INFO 16800 --- [DiscoveryClient-CacheRefreshExecutor-0] com.netflix.discovery.DiscoveryClient    : Registered Applications size is zero : true
2023-06-03 13:32:21.628  INFO 16800 --- [DiscoveryClient-CacheRefreshExecutor-0] com.netflix.discovery.DiscoveryClient    : Application version is -1: false
2023-06-03 13:32:21.628  INFO 16800 --- [DiscoveryClient-CacheRefreshExecutor-0] com.netflix.discovery.DiscoveryClient    : Getting all instance registry info from the eureka server
2023-06-03 13:32:21.642  INFO 16800 --- [DiscoveryClient-CacheRefreshExecutor-0] com.netflix.discovery.DiscoveryClient    : The response status is 200
2023-06-03 13:36:51.347  INFO 16800 --- [AsyncResolver-bootstrap-executor-0] c.n.d.s.r.aws.ConfigClusterResolver      : Resolving eureka endpoints via configuration
2023-06-03 13:41:51.364  INFO 16800 --- [AsyncResolver-bootstrap-executor-0] c.n.d.s.r.aws.ConfigClusterResolver      : Resolving eureka endpoints via configuration
2023-06-03 13:46:51.371  INFO 16800 --- [AsyncResolver-bootstrap-executor-0] c.n.d.s.r.aws.ConfigClusterResolver      : Resolving eureka endpoints via configuration
2023-06-03 13:51:51.374  INFO 16800 --- [AsyncResolver-bootstrap-executor-0] c.n.d.s.r.aws.ConfigClusterResolver      : Resolving eureka endpoints via configuration
2023-06-03 13:56:51.375  INFO 16800 --- [AsyncResolver-bootstrap-executor-0] c.n.d.s.r.aws.ConfigClusterResolver      : Resolving eureka endpoints via configuration
2023-06-03 14:01:51.377  INFO 16800 --- [AsyncResolver-bootstrap-executor-0] c.n.d.s.r.aws.ConfigClusterResolver      : Resolving eureka endpoints via configuration
2023-06-03 14:06:51.380  INFO 16800 --- [AsyncResolver-bootstrap-executor-0] c.n.d.s.r.aws.ConfigClusterResolver      : Resolving eureka endpoints via configuration
2023-06-03 14:11:51.388  INFO 16800 --- [AsyncResolver-bootstrap-executor-0] c.n.d.s.r.aws.ConfigClusterResolver      : Resolving eureka endpoints via configuration
2023-06-03 14:16:51.393  INFO 16800 --- [AsyncResolver-bootstrap-executor-0] c.n.d.s.r.aws.ConfigClusterResolver      : Resolving eureka endpoints via configuration
2023-06-03 14:21:51.395  INFO 16800 --- [AsyncResolver-bootstrap-executor-0] c.n.d.s.r.aws.ConfigClusterResolver      : Resolving eureka endpoints via configuration
2023-06-03 14:26:51.399  INFO 16800 --- [AsyncResolver-bootstrap-executor-0] c.n.d.s.r.aws.ConfigClusterResolver      : Resolving eureka endpoints via configuration
2023-06-03 14:31:51.414  INFO 16800 --- [AsyncResolver-bootstrap-executor-0] c.n.d.s.r.aws.ConfigClusterResolver      : Resolving eureka endpoints via configuration
2023-06-03 14:36:51.421  INFO 16800 --- [AsyncResolver-bootstrap-executor-0] c.n.d.s.r.aws.ConfigClusterResolver      : Resolving eureka endpoints via configuration
2023-06-03 14:41:51.432  INFO 16800 --- [AsyncResolver-bootstrap-executor-0] c.n.d.s.r.aws.ConfigClusterResolver      : Resolving eureka endpoints via configuration
2023-06-03 14:46:48.988  INFO 16800 --- [AsyncResolver-bootstrap-executor-0] c.n.d.s.r.aws.ConfigClusterResolver      : Resolving eureka endpoints via configuration
2023-06-03 14:51:48.989  INFO 16800 --- [AsyncResolver-bootstrap-executor-0] c.n.d.s.r.aws.ConfigClusterResolver      : Resolving eureka endpoints via configuration
2023-06-03 14:56:49.003  INFO 16800 --- [AsyncResolver-bootstrap-executor-0] c.n.d.s.r.aws.ConfigClusterResolver      : Resolving eureka endpoints via configuration
2023-06-03 15:01:49.012  INFO 16800 --- [AsyncResolver-bootstrap-executor-0] c.n.d.s.r.aws.ConfigClusterResolver      : Resolving eureka endpoints via configuration
2023-06-03 15:06:49.013  INFO 16800 --- [AsyncResolver-bootstrap-executor-0] c.n.d.s.r.aws.ConfigClusterResolver      : Resolving eureka endpoints via configuration
2023-06-03 15:11:49.019  INFO 16800 --- [AsyncResolver-bootstrap-executor-0] c.n.d.s.r.aws.ConfigClusterResolver      : Resolving eureka endpoints via configuration
2023-06-03 15:16:49.024  INFO 16800 --- [AsyncResolver-bootstrap-executor-0] c.n.d.s.r.aws.ConfigClusterResolver      : Resolving eureka endpoints via configuration
2023-06-03 15:21:49.031  INFO 16800 --- [AsyncResolver-bootstrap-executor-0] c.n.d.s.r.aws.ConfigClusterResolver      : Resolving eureka endpoints via configuration
2023-06-03 15:26:49.041  INFO 16800 --- [AsyncResolver-bootstrap-executor-0] c.n.d.s.r.aws.ConfigClusterResolver      : Resolving eureka endpoints via configuration
2023-06-03 15:31:49.048  INFO 16800 --- [AsyncResolver-bootstrap-executor-0] c.n.d.s.r.aws.ConfigClusterResolver      : Resolving eureka endpoints via configuration
2023-06-03 15:36:49.058  INFO 16800 --- [AsyncResolver-bootstrap-executor-0] c.n.d.s.r.aws.ConfigClusterResolver      : Resolving eureka endpoints via configuration
2023-06-03 15:41:49.073  INFO 16800 --- [AsyncResolver-bootstrap-executor-0] c.n.d.s.r.aws.ConfigClusterResolver      : Resolving eureka endpoints via configuration
2023-06-03 15:46:49.083  INFO 16800 --- [AsyncResolver-bootstrap-executor-0] c.n.d.s.r.aws.ConfigClusterResolver      : Resolving eureka endpoints via configuration
2023-06-03 15:51:49.088  INFO 16800 --- [AsyncResolver-bootstrap-executor-0] c.n.d.s.r.aws.ConfigClusterResolver      : Resolving eureka endpoints via configuration
2023-06-03 15:56:49.091  INFO 16800 --- [AsyncResolver-bootstrap-executor-0] c.n.d.s.r.aws.ConfigClusterResolver      : Resolving eureka endpoints via configuration
2023-06-03 16:01:49.095  INFO 16800 --- [AsyncResolver-bootstrap-executor-0] c.n.d.s.r.aws.ConfigClusterResolver      : Resolving eureka endpoints via configuration
2023-06-03 16:06:49.110  INFO 16800 --- [AsyncResolver-bootstrap-executor-0] c.n.d.s.r.aws.ConfigClusterResolver      : Resolving eureka endpoints via configuration
2023-06-03 16:11:49.123  INFO 16800 --- [AsyncResolver-bootstrap-executor-0] c.n.d.s.r.aws.ConfigClusterResolver      : Resolving eureka endpoints via configuration
2023-06-03 16:16:49.133  INFO 16800 --- [AsyncResolver-bootstrap-executor-0] c.n.d.s.r.aws.ConfigClusterResolver      : Resolving eureka endpoints via configuration
2023-06-03 16:21:49.145  INFO 16800 --- [AsyncResolver-bootstrap-executor-0] c.n.d.s.r.aws.ConfigClusterResolver      : Resolving eureka endpoints via configuration
2023-06-03 16:26:49.155  INFO 16800 --- [AsyncResolver-bootstrap-executor-0] c.n.d.s.r.aws.ConfigClusterResolver      : Resolving eureka endpoints via configuration
